<?xml version="1.0" encoding="UTF-8"?>
<testng-results ignored="0" total="1" passed="1" failed="0" skipped="0">
  <reporter-output>
  </reporter-output>
  <suite started-at="2021-06-15T00:29:41 IST" name="Default suite" finished-at="2021-06-15T00:29:58 IST" duration-ms="16581">
    <groups>
    </groups>
    <test started-at="2021-06-15T00:29:41 IST" name="Default test" finished-at="2021-06-15T00:29:58 IST" duration-ms="16581">
      <class name="com.crm.comcast.LeadsTest.SearcLead_LeadSource">
        <test-method signature="TC055_searchLead()[pri:0, instance:com.crm.comcast.LeadsTest.SearcLead_LeadSource@6a84a97d]" started-at="2021-06-15T00:29:41 IST" name="TC055_searchLead" finished-at="2021-06-15T00:29:58 IST" duration-ms="16546" status="PASS">
          <reporter-output>
          </reporter-output>
        </test-method> <!-- TC055_searchLead -->
      </class> <!-- com.crm.comcast.LeadsTest.SearcLead_LeadSource -->
    </test> <!-- Default test -->
  </suite> <!-- Default suite -->
</testng-results>
