<?xml version="1.0" encoding="UTF-8"?>
<!-- Generated by org.testng.reporters.JUnitXMLReporter -->
<testsuite ignored="0" hostname="DESKTOP-3SL4KIP" failures="0" tests="4" name="Test" time="67.246" errors="0" timestamp="2021-06-13T07:54:20 IST">
  <testcase classname="com.crm.comcast.practice.CreateOrganizationTest" name="createOrganization" time="27.878"/>
  <testcase classname="com.crm.comcast.practice.CreateOrganizationWithIndustry" name="createOrgWithIndustry" time="14.021"/>
  <testcase classname="com.crm.comcast.practice.VtigerPracticeTest" name="createOrgannization" time="8.044"/>
  <testcase classname="com.crm.comcast.practice.checkBox" name="lastCheckBox" time="17.249"/>
</testsuite> <!-- Test -->
